{"level":"error","message":"no reason"}
{"level":"error","message":"no reason"}
{"level":"info","message":"successfully connected to the database"}
{"level":"error"}
{"level":"info","message":"successfully connected to the database"}
{"level":"error"}
{"level":"info","message":"successfully connected to the database"}
{"level":"error"}
{"level":"info","message":"successfully connected to the database"}
{"level":"error"}
{"level":"info","message":"successfully connected to the database"}
{"level":"error"}
{"level":"info","message":"successfully connected to the database"}
{"level":"error","message":"u are dead"}
{"level":"info","message":"successfully connected to the database"}
{"level":"error","message":{}}
{"level":"info","message":"successfully connected to the database"}
{"level":"error","message":{}}
{"level":"info","message":"successfully connected to the database"}
{"level":"info","message":"successfully connected to the database"}
{"level":"info","message":{}}
{"level":"info","message":"successfully connected to the database"}
{"level":"info","message":"err"}
{"level":"info","message":"successfully connected to the database"}
{"level":"info","message":"successfully connected to the database"}
{"level":"info","message":"successfully connected to the database"}
{"level":"error","message":{}}
{"level":"info","message":"successfully connected to the database"}
{"level":"info","message":"successfully connected to the database"}
{"level":"info","message":"listening on port 5000"}
{"level":"info","message":"successfully connected to the database"}
{"level":"info","message":"listening on port 5000"}
{"level":"info","message":"successfully connected to the database"}
{"level":"info","message":"listening on port 5000"}
{"level":"info","message":"listening on port 5000"}
{"level":"info","message":"successfully connected to the database"}
{"level":"info","message":"listening on port 5000"}
{"level":"info","message":"successfully connected to the database"}
{"level":"info","message":"listening on port 5000"}
{"level":"info","message":"successfully connected to the database"}
{"level":"info","message":"listening on port 5000"}
{"level":"info","message":"successfully connected to the database"}
{"level":"info","message":"listening on port 5000"}
{"level":"info","message":"successfully connected to the database"}
{"level":"info","message":"listening on port 5000"}
{"level":"info","message":"successfully connected to the database"}
{"level":"info","message":"listening on port 5000"}
{"level":"info","message":"successfully connected to the database"}
{"level":"info","message":"listening on port 5000"}
{"level":"info","message":"successfully connected to the database"}
{"level":"info","message":"listening on port 5000"}
{"level":"info","message":"successfully connected to the database"}
{"level":"info","message":"listening on port 5000"}
{"level":"info","message":"listening on port 5000"}
{"level":"info","message":"listening on port 5000"}
{"level":"info","message":"successfully connected to the database"}
{"level":"info","message":"listening on port 5000"}
{"level":"info","message":"successfully connected to the database"}
{"level":"info","message":"listening on port 5000"}
{"level":"info","message":"successfully connected to the database"}
{"level":"info","message":"listening on port 5000"}
{"level":"info","message":"successfully connected to the database"}
